<?xml version="1.0" encoding="UTF-8"?>
<!-- Generated by org.testng.reporters.JUnitReportReporter -->
<testsuite hostname="GCOM-FDLELT010" failures="0" tests="1" name="automation.googleMortgageCalculator.GoogleSearchPage" time="7.795" errors="0" timestamp="22 Apr 2021 18:43:52 GMT">
  <testcase classname="automation.googleMortgageCalculator.GoogleSearchPage" name="navigateToSearchPage" time="7.795"/>
</testsuite> <!-- automation.googleMortgageCalculator.GoogleSearchPage -->
